\BOOKMARK [1][-]{section.0.1}{\376\377\000F\000o\000r\000e\000w\000o\000r\000d}{}% 1
\BOOKMARK [1][-]{section.0.2}{\376\377\000I\000n\000t\000r\000o\000d\000u\000c\000t\000i\000o\000n\000\040\000a\000n\000d\000\040\000A\000i\000m}{}% 2
\BOOKMARK [2][-]{subsection.0.2.1}{\376\377\000T\000o\000p\000i\000c\000\040\000a\000n\000d\000\040\000R\000e\000s\000e\000a\000r\000c\000h\000\040\000Q\000u\000e\000s\000t\000i\000o\000n}{section.0.2}% 3
\BOOKMARK [2][-]{subsection.0.2.2}{\376\377\000M\000o\000t\000i\000v\000a\000t\000i\000n\000g\000\040\000I\000d\000e\000a}{section.0.2}% 4
\BOOKMARK [2][-]{subsection.0.2.3}{\376\377\000T\000h\000e\000\040\000F\000u\000n\000d\000a\000m\000e\000n\000t\000a\000l\000s\000\040\000o\000f\000\040\000S\000y\000m\000m\000e\000t\000r\000i\000c\000\040\000C\000r\000y\000p\000t\000o\000g\000r\000a\000p\000h\000y}{section.0.2}% 5
\BOOKMARK [1][-]{section.0.3}{\376\377\000W\000h\000a\000t\000\040\000i\000s\000\040\000'\000P\000u\000b\000l\000i\000c\000-\000K\000e\000y\000'\000\040\000C\000r\000y\000p\000t\000o\000g\000r\000a\000p\000h\000y}{}% 6
\BOOKMARK [2][-]{subsection.0.3.1}{\376\377\000T\000h\000e\000\040\000'\000P\000u\000b\000l\000i\000c\000-\000K\000e\000y\000'\000\040\000P\000a\000r\000a\000d\000o\000x}{section.0.3}% 7
\BOOKMARK [2][-]{subsection.0.3.2}{\376\377\000O\000n\000e\000-\000w\000a\000y\000\040\000O\000p\000e\000r\000a\000t\000i\000o\000n\000s}{section.0.3}% 8
\BOOKMARK [2][-]{subsection.0.3.3}{\376\377\000D\000i\000f\000f\000i\000e\000-\000H\000e\000l\000l\000m\000a\000n\000\040\000K\000e\000y\000\040\000E\000x\000c\000h\000a\000n\000g\000e}{section.0.3}% 9
\BOOKMARK [2][-]{subsection.0.3.4}{\376\377\000A\000\040\000P\000r\000o\000o\000f\000\040\000t\000h\000a\000t\000:\000\040\000\050\000a\000\040\000-\0005\000m\000u\000m\000o\000d\0005\000m\000u\000-\000p\000\051\000k\000\040\000-\0005\000m\000u\000m\000o\000d\0005\000m\000u\000-\000p\000\040\000=\000\040\000a\000k\000\040\000-\0005\000m\000u\000m\000o\000d\0005\000m\000u\000-\000p}{section.0.3}% 10
\BOOKMARK [1][-]{section.0.4}{\376\377\000A\000n\000\040\000I\000n\000t\000r\000o\000d\000u\000c\000t\000i\000o\000n\000\040\000t\000o\000\040\000G\000r\000o\000u\000p\000\040\000T\000h\000e\000o\000r\000y}{}% 11
\BOOKMARK [2][-]{subsection.0.4.1}{\376\377\000T\000h\000e\000\040\000G\000r\000o\000u\000p\000\040\000A\000x\000i\000o\000m\000s}{section.0.4}% 12
\BOOKMARK [2][-]{subsection.0.4.2}{\376\377\000T\000h\000e\000\040\000C\000a\000s\000e\000\040\000f\000o\000r\000\040\000C\000o\000m\000m\000u\000t\000a\000t\000i\000v\000i\000t\000y\000\040\000a\000n\000d\000\040\000A\000b\000e\000l\000i\000a\000n\000\040\000G\000r\000o\000u\000p\000s}{section.0.4}% 13
\BOOKMARK [1][-]{section.0.5}{\376\377\000G\000r\000o\000u\000p\000\040\000L\000a\000w\000\040\000o\000n\000\040\000a\000n\000\040\000E\000l\000l\000i\000p\000t\000i\000c\000\040\000C\000u\000r\000v\000e}{}% 14
\BOOKMARK [2][-]{subsection.0.5.1}{\376\377\000D\000e\000f\000i\000n\000i\000t\000i\000o\000n\000\040\000o\000f\000\040\000a\000n\000\040\000E\000l\000l\000i\000p\000t\000i\000c\000\040\000C\000u\000r\000v\000e}{section.0.5}% 15
\BOOKMARK [2][-]{subsection.0.5.2}{\376\377\000E\000l\000l\000i\000p\000t\000i\000c\000\040\000C\000u\000r\000v\000e\000s\000\040\000o\000v\000e\000r\000\040\000t\000h\000e\000\040\000R\000e\000a\000l\000s}{section.0.5}% 16
\BOOKMARK [2][-]{subsection.0.5.3}{\376\377\000G\000e\000o\000m\000e\000t\000r\000i\000c\000\040\000s\000e\000c\000a\000n\000t\000-\000t\000a\000n\000g\000e\000n\000t\000\040\000c\000o\000n\000s\000t\000r\000u\000c\000t\000i\000o\000n}{section.0.5}% 17
\BOOKMARK [2][-]{subsection.0.5.4}{\376\377\000A\000d\000d\000i\000t\000i\000o\000n\000\040\000o\000f\000\040\000t\000w\000o\000\040\000p\000o\000i\000n\000t\000s}{section.0.5}% 18
\BOOKMARK [2][-]{subsection.0.5.5}{\376\377\000I\000n\000v\000e\000r\000s\000e\000\040\000P\000o\000i\000n\000t\000s\000\040\000a\000n\000d\000\040\000I\000n\000f\000i\000n\000i\000t\000y}{section.0.5}% 19
\BOOKMARK [2][-]{subsection.0.5.6}{\376\377\000A\000d\000d\000i\000n\000g\000\040\000a\000\040\000p\000o\000i\000n\000t\000\040\000t\000o\000\040\000i\000t\000s\000e\000l\000f}{section.0.5}% 20
\BOOKMARK [1][-]{section.0.6}{\376\377\000G\000r\000o\000u\000p\000\040\000s\000t\000r\000u\000c\000t\000u\000r\000e\000\040\000o\000f\000\040\000E\000[\000K\000]}{}% 21
\BOOKMARK [2][-]{subsection.0.6.1}{\376\377\000V\000e\000r\000i\000f\000y\000i\000n\000g\000\040\000t\000h\000e\000\040\000g\000r\000o\000u\000p\000\040\000a\000x\000i\000o\000m\000s}{section.0.6}% 22
\BOOKMARK [2][-]{subsection.0.6.2}{\376\377\000E\000l\000l\000i\000p\000t\000i\000c\000\040\000c\000u\000r\000v\000e\000s\000\040\000o\000v\000e\000r\000\040\000f\000i\000n\000i\000t\000e\000\040\000f\000i\000e\000l\000d\000s\000,\000\040\000K\000\040\000=\000\040\000F\000p}{section.0.6}% 23
\BOOKMARK [1][-]{section.0.7}{\376\377\000C\000o\000n\000c\000l\000u\000s\000i\000o\000n}{}% 24
\BOOKMARK [2][-]{subsection.0.7.1}{\376\377\000L\000i\000m\000i\000t\000a\000t\000i\000o\000n\000s\000\040\000a\000n\000d\000\040\000R\000e\000f\000l\000e\000c\000t\000i\000o\000n}{section.0.7}% 25
